<?xml version="1.0" encoding="UTF-8"?>
<testng-results skipped="0" failed="0" ignored="0" total="1" passed="1">
  <reporter-output>
  </reporter-output>
  <suite name="Default suite" duration-ms="75189" started-at="2018-12-30T19:14:36Z" finished-at="2018-12-30T19:15:51Z">
    <groups>
    </groups>
    <test name="Default test" duration-ms="75189" started-at="2018-12-30T19:14:36Z" finished-at="2018-12-30T19:15:51Z">
      <class name="com.appiumdemo.base.Setup">
        <test-method status="PASS" signature="applauch()[pri:0, instance:com.appiumdemo.base.Setup@67784306]" name="applauch" duration-ms="74865" started-at="2018-12-30T19:14:36Z" finished-at="2018-12-30T19:15:51Z">
          <reporter-output>
          </reporter-output>
        </test-method> <!-- applauch -->
      </class> <!-- com.appiumdemo.base.Setup -->
    </test> <!-- Default test -->
  </suite> <!-- Default suite -->
</testng-results>
